<?xml version="1.0" encoding="UTF-8"?>
<testsuites name="Mocha Tests" time="1.599" tests="8" failures="0">
  <testsuite name="Root Suite" timestamp="2025-05-26T09:03:09" tests="0" file="cypress/e2e/app.cy.ts" failures="0" time="0">
  </testsuite>
  <testsuite name="PixiJS Game E2E" timestamp="2025-05-26T09:03:09" tests="0" failures="0" time="0">
  </testsuite>
  <testsuite name="Initial Page Load" timestamp="2025-05-26T09:03:09" tests="2" failures="0" time="0.803">
    <testcase name="PixiJS Game E2E Initial Page Load should display the game page correctly" time="0.658" classname="should display the game page correctly" failure="false" error="false" success="true">
    </testcase>
    <testcase name="PixiJS Game E2E Initial Page Load should have proper page structure" time="0.145" classname="should have proper page structure" failure="false" error="false" success="true">
    </testcase>
  </testsuite>
  <testsuite name="Game Canvas" timestamp="2025-05-26T09:03:10" tests="2" failures="0" time="0.299">
    <testcase name="PixiJS Game E2E Game Canvas should render the PixiJS canvas" time="0.102" classname="should render the PixiJS canvas" failure="false" error="false" success="true">
    </testcase>
    <testcase name="PixiJS Game E2E Game Canvas should have the correct canvas dimensions" time="0.197" classname="should have the correct canvas dimensions" failure="false" error="false" success="true">
    </testcase>
  </testsuite>
  <testsuite name="Game Interaction" timestamp="2025-05-26T09:03:10" tests="1" failures="0" time="0.158">
    <testcase name="PixiJS Game E2E Game Interaction should be interactive" time="0.158" classname="should be interactive" failure="false" error="false" success="true">
    </testcase>
  </testsuite>
  <testsuite name="Accessibility" timestamp="2025-05-26T09:03:11" tests="2" failures="0" time="0.22399999999999998">
    <testcase name="PixiJS Game E2E Accessibility should have proper heading structure" time="0.104" classname="should have proper heading structure" failure="false" error="false" success="true">
    </testcase>
    <testcase name="PixiJS Game E2E Accessibility should have readable content" time="0.12" classname="should have readable content" failure="false" error="false" success="true">
    </testcase>
  </testsuite>
  <testsuite name="Responsive Design" timestamp="2025-05-26T09:03:12" tests="1" failures="0" time="0.115">
    <testcase name="PixiJS Game E2E Responsive Design should be visible on different screen sizes" time="0.115" classname="should be visible on different screen sizes" failure="false" error="false" success="true">
    </testcase>
  </testsuite>
</testsuites>