<?xml version="1.0" encoding="UTF-8"?>
<testsuites name="Mocha Tests" time="1.533" tests="8" failures="0">
  <testsuite name="Root Suite" timestamp="2025-05-25T13:32:13" tests="0" file="cypress/e2e/app.cy.ts" failures="0" time="0">
  </testsuite>
  <testsuite name="PixiJS Game E2E" timestamp="2025-05-25T13:32:13" tests="0" failures="0" time="0">
  </testsuite>
  <testsuite name="Initial Page Load" timestamp="2025-05-25T13:32:13" tests="2" failures="0" time="0.76">
    <testcase name="PixiJS Game E2E Initial Page Load should display the game page correctly" time="0.614" classname="should display the game page correctly" failure="false" error="false" success="true">
    </testcase>
    <testcase name="PixiJS Game E2E Initial Page Load should have proper page structure" time="0.146" classname="should have proper page structure" failure="false" error="false" success="true">
    </testcase>
  </testsuite>
  <testsuite name="Game Canvas" timestamp="2025-05-25T13:32:14" tests="2" failures="0" time="0.288">
    <testcase name="PixiJS Game E2E Game Canvas should render the PixiJS canvas" time="0.108" classname="should render the PixiJS canvas" failure="false" error="false" success="true">
    </testcase>
    <testcase name="PixiJS Game E2E Game Canvas should have the correct canvas dimensions" time="0.18" classname="should have the correct canvas dimensions" failure="false" error="false" success="true">
    </testcase>
  </testsuite>
  <testsuite name="Game Interaction" timestamp="2025-05-25T13:32:15" tests="1" failures="0" time="0.144">
    <testcase name="PixiJS Game E2E Game Interaction should be interactive" time="0.144" classname="should be interactive" failure="false" error="false" success="true">
    </testcase>
  </testsuite>
  <testsuite name="Accessibility" timestamp="2025-05-25T13:32:15" tests="2" failures="0" time="0.22899999999999998">
    <testcase name="PixiJS Game E2E Accessibility should have proper heading structure" time="0.103" classname="should have proper heading structure" failure="false" error="false" success="true">
    </testcase>
    <testcase name="PixiJS Game E2E Accessibility should have readable content" time="0.126" classname="should have readable content" failure="false" error="false" success="true">
    </testcase>
  </testsuite>
  <testsuite name="Responsive Design" timestamp="2025-05-25T13:32:16" tests="1" failures="0" time="0.112">
    <testcase name="PixiJS Game E2E Responsive Design should be visible on different screen sizes" time="0.112" classname="should be visible on different screen sizes" failure="false" error="false" success="true">
    </testcase>
  </testsuite>
</testsuites>